<?xml version="1.0" encoding="UTF-8"?>
<!-- Generated by org.testng.reporters.JUnitReportReporter -->
<testsuite hostname="DESKTOP-IJDEVRF" failures="0" tests="1" name="testCases.TC002_LoginTest" time="1.586" errors="0" timestamp="2025-07-17T17:47:35 IST" skipped="0">
  <testcase classname="testCases.TC002_LoginTest" name="verifylogin" time="1.586"/>
</testsuite> <!-- testCases.TC002_LoginTest -->
